<?xml version="1.0" encoding="UTF-8"?>
<testng-results ignored="0" total="1" passed="1" failed="0" skipped="0">
  <reporter-output>
  </reporter-output>
  <suite started-at="2021-09-05T14:12:28 GMT-04:00" name="Default suite" finished-at="2021-09-05T14:12:28 GMT-04:00" duration-ms="88">
    <groups>
    </groups>
    <test started-at="2021-09-05T14:12:28 GMT-04:00" name="Default test" finished-at="2021-09-05T14:12:28 GMT-04:00" duration-ms="88">
      <class name="com.rsw.qa.testcases.QA">
        <test-method signature="failedTest()[pri:0, instance:com.rsw.qa.testcases.QA@932bc4a]" started-at="2021-09-05T14:12:28 GMT-04:00" name="failedTest" finished-at="2021-09-05T14:12:28 GMT-04:00" duration-ms="11" status="PASS">
          <reporter-output>
          </reporter-output>
        </test-method> <!-- failedTest -->
      </class> <!-- com.rsw.qa.testcases.QA -->
    </test> <!-- Default test -->
  </suite> <!-- Default suite -->
</testng-results>
